<?xml version="1.0" encoding="UTF-8"?>
<testng-results skipped="0" failed="0" total="3" passed="3">
  <reporter-output>
  </reporter-output>
  <suite name="Suite" duration-ms="25762" started-at="2020-11-25T05:41:50Z" finished-at="2020-11-25T05:42:16Z">
    <groups>
    </groups>
    <test name="Test" duration-ms="25762" started-at="2020-11-25T05:41:50Z" finished-at="2020-11-25T05:42:16Z">
      <class name="test.test1">
        <test-method status="PASS" signature="beforeTest()[pri:0, instance:test.test1@cb5822]" name="beforeTest" is-config="true" duration-ms="10977" started-at="2020-11-25T11:11:50Z" finished-at="2020-11-25T11:12:01Z">
          <reporter-output>
          </reporter-output>
        </test-method> <!-- beforeTest -->
        <test-method status="PASS" signature="login()[pri:0, instance:test.test1@cb5822]" name="login" duration-ms="13137" started-at="2020-11-25T11:12:01Z" finished-at="2020-11-25T11:12:14Z">
          <reporter-output>
          </reporter-output>
        </test-method> <!-- login -->
        <test-method status="PASS" signature="newcustomer()[pri:1, instance:test.test1@cb5822]" name="newcustomer" duration-ms="563" started-at="2020-11-25T11:12:14Z" finished-at="2020-11-25T11:12:15Z">
          <reporter-output>
          </reporter-output>
        </test-method> <!-- newcustomer -->
        <test-method status="PASS" signature="editcustomer()[pri:2, instance:test.test1@cb5822]" name="editcustomer" duration-ms="893" started-at="2020-11-25T11:12:15Z" finished-at="2020-11-25T11:12:16Z">
          <reporter-output>
          </reporter-output>
        </test-method> <!-- editcustomer -->
        <test-method status="PASS" signature="afterTest()[pri:0, instance:test.test1@cb5822]" name="afterTest" is-config="true" duration-ms="94" started-at="2020-11-25T11:12:16Z" finished-at="2020-11-25T11:12:16Z">
          <reporter-output>
          </reporter-output>
        </test-method> <!-- afterTest -->
      </class> <!-- test.test1 -->
    </test> <!-- Test -->
  </suite> <!-- Suite -->
</testng-results>
